<?xml version="1.0" encoding="UTF-8"?>
<!-- Generated by org.testng.reporters.JUnitReportReporter -->
<testsuite hostname="Tadas-MacBook-Pro-2.local" failures="0" tests="5" name="tests.CalculatorTest" time="43.648" errors="0" timestamp="2025-11-25T18:06:13 IST" skipped="0">
  <testcase classname="tests.CalculatorTest" name="testAddition" time="5.331"/>
  <system-out/>
  <testcase classname="tests.CalculatorTest" name="testSubtraction" time="7.367"/>
  <system-out/>
  <testcase classname="tests.CalculatorTest" name="testMultiplication" time="6.836"/>
  <system-out/>
  <testcase classname="tests.CalculatorTest" name="testDivision" time="9.179"/>
  <system-out/>
  <testcase classname="tests.CalculatorTest" name="testDecimalOperations" time="14.935"/>
  <system-out/>
</testsuite> <!-- tests.CalculatorTest -->
